2015/07/20 20:56:50 INFO  - jmeter.util.JMeterUtils: Setting Locale to en_US 
2015/07/20 20:56:50 INFO  - jmeter.JMeter: Copyright (c) 1998-2015 The Apache Software Foundation 
2015/07/20 20:56:50 INFO  - jmeter.JMeter: Version 2.13 r1665067 
2015/07/20 20:56:50 INFO  - jmeter.JMeter: java.version=1.7.0_79 
2015/07/20 20:56:50 INFO  - jmeter.JMeter: java.vm.name=Java HotSpot(TM) 64-Bit Server VM 
2015/07/20 20:56:50 INFO  - jmeter.JMeter: os.name=Windows 8.1 
2015/07/20 20:56:50 INFO  - jmeter.JMeter: os.arch=amd64 
2015/07/20 20:56:50 INFO  - jmeter.JMeter: os.version=6.3 
2015/07/20 20:56:50 INFO  - jmeter.JMeter: file.encoding=Cp1252 
2015/07/20 20:56:50 INFO  - jmeter.JMeter: Default Locale=English (United States) 
2015/07/20 20:56:50 INFO  - jmeter.JMeter: JMeter  Locale=English (United States) 
2015/07/20 20:56:50 INFO  - jmeter.JMeter: JMeterHome=D:\workspace_gap\TestJmeter\build\jmeter 
2015/07/20 20:56:50 INFO  - jmeter.JMeter: user.dir  =D:\workspace_gap\TestJmeter\build\jmeter 
2015/07/20 20:56:50 INFO  - jmeter.JMeter: PWD       =D:\workspace_gap\TestJmeter\build\jmeter 
2015/07/20 20:56:50 INFO  - jmeter.JMeter: IP: 192.168.0.21 Name: Artanis FullName: Artanis 
2015/07/20 20:56:50 INFO  - jmeter.JMeter: search_paths=/C:/Users/CesarF/.gradle/caches/modules-2/files-2.1/org.apache.jmeter/ApacheJMeter_mail/2.13/b8ff5bc84886c02d03205262ddf90e7adf01e333/ApacheJMeter_mail-2.13.jar;/C:/Users/CesarF/.gradle/caches/modules-2/files-2.1/org.apache.jmeter/ApacheJMeter_monitors/2.13/f10dd4066d5ddf91cf883bd71e8e409565a7afb5/ApacheJMeter_monitors-2.13.jar;/C:/Users/CesarF/.gradle/caches/modules-2/files-2.1/org.apache.jmeter/ApacheJMeter/2.13/8b9e741eff0a94a5c5ee385ad2b1d9ab659c5bf9/ApacheJMeter-2.13.jar;/C:/Users/CesarF/.gradle/caches/modules-2/files-2.1/org.apache.jmeter/ApacheJMeter_jdbc/2.13/65561a64e4afbac2a4dd63017169983c060121da/ApacheJMeter_jdbc-2.13.jar;/C:/Users/CesarF/.gradle/caches/modules-2/files-2.1/org.apache.jmeter/ApacheJMeter_ldap/2.13/31431bb6c19fab5342f216329a9c0bd37375fc50/ApacheJMeter_ldap-2.13.jar;/C:/Users/CesarF/.gradle/caches/modules-2/files-2.1/org.apache.jmeter/ApacheJMeter_config/2.13/5bd3bc1935fa85cf77d175afe9b8e63d4a2a4cff/ApacheJMeter_config-2.13.jar;/C:/Users/CesarF/.gradle/caches/modules-2/files-2.1/org.apache.jmeter/ApacheJMeter_core/2.13/ac0fdf85299d4f61960cea49d7e8b3f9abe90fcd/ApacheJMeter_core-2.13.jar;/C:/Users/CesarF/.gradle/caches/modules-2/files-2.1/org.beanshell/bsh-core/2.0b4/495e25a99e29970ffe8ba0b1d551e1d1a9991fc1/bsh-core-2.0b4.jar;/C:/Users/CesarF/.gradle/caches/modules-2/files-2.1/org.apache.jmeter/ApacheJMeter_functions/2.13/47c860e7e781ab8f327149471b425f4d33b20845/ApacheJMeter_functions-2.13.jar;/C:/Users/CesarF/.gradle/caches/modules-2/files-2.1/org.apache.jmeter/ApacheJMeter_ftp/2.13/232b83021cee7a3042ee4c62c503e8b926208cb4/ApacheJMeter_ftp-2.13.jar;/C:/Users/CesarF/.gradle/caches/modules-2/files-2.1/org.apache.jmeter/ApacheJMeter_http/2.13/3c06ecdb5a4ac30449acea6487949a8c125fd547/ApacheJMeter_http-2.13.jar;/C:/Users/CesarF/.gradle/caches/modules-2/files-2.1/org.apache.jmeter/ApacheJMeter_components/2.13/96e7bedc1e238e02b39063845171bca14525ff01/ApacheJMeter_components-2.13.jar;/C:/Users/CesarF/.gradle/caches/modules-2/files-2.1/org.apache.jmeter/ApacheJMeter_tcp/2.13/7f34411923b941ce7d8d7e9c700a7f7b73726989/ApacheJMeter_tcp-2.13.jar;/C:/Users/CesarF/.gradle/caches/modules-2/files-2.1/org.apache.jmeter/ApacheJMeter_jms/2.13/9d834b1884ab1f14605996ae9efd30bcf751a38e/ApacheJMeter_jms-2.13.jar;/C:/Users/CesarF/.gradle/caches/modules-2/files-2.1/org.apache.jmeter/ApacheJMeter_junit/2.13/98cebf69e1713e39d863cb77d614248db0a64a8c/ApacheJMeter_junit-2.13.jar;/C:/Users/CesarF/.gradle/caches/modules-2/files-2.1/org.apache.jmeter/ApacheJMeter_java/2.13/aa892d72373c520fd589543a820de52b1fba775c/ApacheJMeter_java-2.13.jar;/C:/Users/CesarF/.gradle/caches/modules-2/files-2.1/org.beanshell/bsh/2.0b5/fdc2ab6ae8b53e0d4761b296c116df747cd85199/bsh-2.0b5.jar;D:\workspace_gap\TestJmeter\build\jmeter\lib\ext 
2015/07/20 20:56:50 INFO  - jmeter.JMeter: Adding to classpath and loader: /C:/Users/CesarF/.gradle/caches/modules-2/files-2.1/org.apache.jmeter/ApacheJMeter_mail/2.13/b8ff5bc84886c02d03205262ddf90e7adf01e333/ApacheJMeter_mail-2.13.jar 
2015/07/20 20:56:50 INFO  - jmeter.JMeter: Adding to classpath and loader: /C:/Users/CesarF/.gradle/caches/modules-2/files-2.1/org.apache.jmeter/ApacheJMeter_monitors/2.13/f10dd4066d5ddf91cf883bd71e8e409565a7afb5/ApacheJMeter_monitors-2.13.jar 
2015/07/20 20:56:50 INFO  - jmeter.JMeter: Adding to classpath and loader: /C:/Users/CesarF/.gradle/caches/modules-2/files-2.1/org.apache.jmeter/ApacheJMeter/2.13/8b9e741eff0a94a5c5ee385ad2b1d9ab659c5bf9/ApacheJMeter-2.13.jar 
2015/07/20 20:56:50 INFO  - jmeter.JMeter: Adding to classpath and loader: /C:/Users/CesarF/.gradle/caches/modules-2/files-2.1/org.apache.jmeter/ApacheJMeter_jdbc/2.13/65561a64e4afbac2a4dd63017169983c060121da/ApacheJMeter_jdbc-2.13.jar 
2015/07/20 20:56:50 INFO  - jmeter.JMeter: Adding to classpath and loader: /C:/Users/CesarF/.gradle/caches/modules-2/files-2.1/org.apache.jmeter/ApacheJMeter_ldap/2.13/31431bb6c19fab5342f216329a9c0bd37375fc50/ApacheJMeter_ldap-2.13.jar 
2015/07/20 20:56:50 INFO  - jmeter.JMeter: Adding to classpath and loader: /C:/Users/CesarF/.gradle/caches/modules-2/files-2.1/org.apache.jmeter/ApacheJMeter_config/2.13/5bd3bc1935fa85cf77d175afe9b8e63d4a2a4cff/ApacheJMeter_config-2.13.jar 
2015/07/20 20:56:50 INFO  - jmeter.JMeter: Adding to classpath and loader: /C:/Users/CesarF/.gradle/caches/modules-2/files-2.1/org.apache.jmeter/ApacheJMeter_core/2.13/ac0fdf85299d4f61960cea49d7e8b3f9abe90fcd/ApacheJMeter_core-2.13.jar 
2015/07/20 20:56:50 INFO  - jmeter.JMeter: Adding to classpath and loader: /C:/Users/CesarF/.gradle/caches/modules-2/files-2.1/org.beanshell/bsh-core/2.0b4/495e25a99e29970ffe8ba0b1d551e1d1a9991fc1/bsh-core-2.0b4.jar 
2015/07/20 20:56:50 INFO  - jmeter.JMeter: Adding to classpath and loader: /C:/Users/CesarF/.gradle/caches/modules-2/files-2.1/org.apache.jmeter/ApacheJMeter_functions/2.13/47c860e7e781ab8f327149471b425f4d33b20845/ApacheJMeter_functions-2.13.jar 
2015/07/20 20:56:50 INFO  - jmeter.JMeter: Adding to classpath and loader: /C:/Users/CesarF/.gradle/caches/modules-2/files-2.1/org.apache.jmeter/ApacheJMeter_ftp/2.13/232b83021cee7a3042ee4c62c503e8b926208cb4/ApacheJMeter_ftp-2.13.jar 
2015/07/20 20:56:50 INFO  - jmeter.JMeter: Adding to classpath and loader: /C:/Users/CesarF/.gradle/caches/modules-2/files-2.1/org.apache.jmeter/ApacheJMeter_http/2.13/3c06ecdb5a4ac30449acea6487949a8c125fd547/ApacheJMeter_http-2.13.jar 
2015/07/20 20:56:50 INFO  - jmeter.JMeter: Adding to classpath and loader: /C:/Users/CesarF/.gradle/caches/modules-2/files-2.1/org.apache.jmeter/ApacheJMeter_components/2.13/96e7bedc1e238e02b39063845171bca14525ff01/ApacheJMeter_components-2.13.jar 
2015/07/20 20:56:50 INFO  - jmeter.JMeter: Adding to classpath and loader: /C:/Users/CesarF/.gradle/caches/modules-2/files-2.1/org.apache.jmeter/ApacheJMeter_tcp/2.13/7f34411923b941ce7d8d7e9c700a7f7b73726989/ApacheJMeter_tcp-2.13.jar 
2015/07/20 20:56:50 INFO  - jmeter.JMeter: Adding to classpath and loader: /C:/Users/CesarF/.gradle/caches/modules-2/files-2.1/org.apache.jmeter/ApacheJMeter_jms/2.13/9d834b1884ab1f14605996ae9efd30bcf751a38e/ApacheJMeter_jms-2.13.jar 
2015/07/20 20:56:50 INFO  - jmeter.JMeter: Adding to classpath and loader: /C:/Users/CesarF/.gradle/caches/modules-2/files-2.1/org.apache.jmeter/ApacheJMeter_junit/2.13/98cebf69e1713e39d863cb77d614248db0a64a8c/ApacheJMeter_junit-2.13.jar 
2015/07/20 20:56:50 INFO  - jmeter.JMeter: Adding to classpath and loader: /C:/Users/CesarF/.gradle/caches/modules-2/files-2.1/org.apache.jmeter/ApacheJMeter_java/2.13/aa892d72373c520fd589543a820de52b1fba775c/ApacheJMeter_java-2.13.jar 
2015/07/20 20:56:50 INFO  - jmeter.JMeter: Adding to classpath and loader: /C:/Users/CesarF/.gradle/caches/modules-2/files-2.1/org.beanshell/bsh/2.0b5/fdc2ab6ae8b53e0d4761b296c116df747cd85199/bsh-2.0b5.jar 
2015/07/20 20:56:50 INFO  - jmeter.JMeter: Adding to classpath and loader: D:\workspace_gap\TestJmeter\build\jmeter\lib\ext 
2015/07/20 20:56:50 INFO  - jmeter.services.FileServer: Default base='D:\workspace_gap\TestJmeter\build\jmeter' 
2015/07/20 20:56:50 INFO  - jmeter.services.FileServer: Set new base='D:\workspace_gap\TestJmeter\src\test' 
2015/07/20 20:56:50 INFO  - jmeter.save.SaveService: Testplan (JMX) version: 2.2. Testlog (JTL) version: 2.2 
2015/07/20 20:56:50 INFO  - jmeter.save.SaveService: Using SaveService properties file encoding UTF-8 
2015/07/20 20:56:50 INFO  - jmeter.save.SaveService: Using SaveService properties file version 1656252 
2015/07/20 20:56:50 INFO  - jmeter.save.SaveService: Using SaveService properties version 2.8 
2015/07/20 20:56:50 INFO  - jmeter.save.SaveService: All converter versions present and correct 
2015/07/20 20:56:50 INFO  - jmeter.save.SaveService: Loading file: D:\workspace_gap\TestJmeter\src\test\Load&ReviewReceipts.jmx 
2015/07/20 20:56:51 ERROR - jmeter.JMeter: Error in NonGUIDriver java.lang.IllegalArgumentException: Problem loading XML from:'D:\workspace_gap\TestJmeter\src\test\Load&ReviewReceipts.jmx', conversion error com.thoughtworks.xstream.converters.ConversionException: org.apache.jmeter.protocol.mongodb.config.MongoSourceElement : org.apache.jmeter.protocol.mongodb.config.MongoSourceElement
---- Debugging information ----
message             : org.apache.jmeter.protocol.mongodb.config.MongoSourceElement
cause-exception     : com.thoughtworks.xstream.mapper.CannotResolveClassException
cause-message       : org.apache.jmeter.protocol.mongodb.config.MongoSourceElement
class               : org.apache.jorphan.collections.ListedHashTree
required-type       : org.apache.jorphan.collections.ListedHashTree
converter-type      : org.apache.jmeter.save.converters.HashTreeConverter
path                : /jmeterTestPlan/hashTree/hashTree/MongoSourceElement
line number         : 25
------------------------------- : org.apache.jmeter.protocol.mongodb.config.MongoSourceElement : org.apache.jmeter.protocol.mongodb.config.MongoSourceElement
---- Debugging information ----
message             : org.apache.jmeter.protocol.mongodb.config.MongoSourceElement
cause-exception     : com.thoughtworks.xstream.mapper.CannotResolveClassException
cause-message       : org.apache.jmeter.protocol.mongodb.config.MongoSourceElement
class               : org.apache.jorphan.collections.ListedHashTree
required-type       : org.apache.jorphan.collections.ListedHashTree
converter-type      : org.apache.jmeter.save.converters.HashTreeConverter
path                : /jmeterTestPlan/hashTree/hashTree/MongoSourceElement
line number         : 25
-------------------------------
message             : org.apache.jmeter.protocol.mongodb.config.MongoSourceElement : org.apache.jmeter.protocol.mongodb.config.MongoSourceElement
---- Debugging information ----
message             : org.apache.jmeter.protocol.mongodb.config.MongoSourceElement
cause-exception     : com.thoughtworks.xstream.mapper.CannotResolveClassException
cause-message       : org.apache.jmeter.protocol.mongodb.config.MongoSourceElement
class               : org.apache.jorphan.collections.ListedHashTree
required-type       : org.apache.jorphan.collections.ListedHashTree
converter-type      : org.apache.jmeter.save.converters.HashTreeConverter
path                : /jmeterTestPlan/hashTree/hashTree/MongoSourceElement
line number         : 25
-------------------------------
cause-exception     : com.thoughtworks.xstream.converters.ConversionException
cause-message       : org.apache.jmeter.protocol.mongodb.config.MongoSourceElement : org.apache.jmeter.protocol.mongodb.config.MongoSourceElement
first-jmeter-class  : org.apache.jmeter.save.converters.HashTreeConverter.unmarshal(HashTreeConverter.java:67)
class               : org.apache.jmeter.save.ScriptWrapper
required-type       : org.apache.jorphan.collections.ListedHashTree
converter-type      : org.apache.jmeter.save.ScriptWrapperConverter
path                : /jmeterTestPlan/hashTree/hashTree/MongoSourceElement
line number         : 25
version             : 2.13 r1665067
-------------------------------
	at org.apache.jmeter.save.SaveService.readTree(SaveService.java:586)
	at org.apache.jmeter.save.SaveService.loadTree(SaveService.java:537)
	at org.apache.jmeter.JMeter.runNonGui(JMeter.java:750)
	at org.apache.jmeter.JMeter.startNonGui(JMeter.java:737)
	at org.apache.jmeter.JMeter.start(JMeter.java:395)
	at sun.reflect.NativeMethodAccessorImpl.invoke0(Native Method)
	at sun.reflect.NativeMethodAccessorImpl.invoke(NativeMethodAccessorImpl.java:57)
	at sun.reflect.DelegatingMethodAccessorImpl.invoke(DelegatingMethodAccessorImpl.java:43)
	at java.lang.reflect.Method.invoke(Method.java:606)
	at org.apache.jmeter.NewDriver.main(NewDriver.java:264)
Caused by: com.thoughtworks.xstream.converters.ConversionException: org.apache.jmeter.protocol.mongodb.config.MongoSourceElement : org.apache.jmeter.protocol.mongodb.config.MongoSourceElement
---- Debugging information ----
message             : org.apache.jmeter.protocol.mongodb.config.MongoSourceElement
cause-exception     : com.thoughtworks.xstream.mapper.CannotResolveClassException
cause-message       : org.apache.jmeter.protocol.mongodb.config.MongoSourceElement
class               : org.apache.jorphan.collections.ListedHashTree
required-type       : org.apache.jorphan.collections.ListedHashTree
converter-type      : org.apache.jmeter.save.converters.HashTreeConverter
path                : /jmeterTestPlan/hashTree/hashTree/MongoSourceElement
line number         : 25
------------------------------- : org.apache.jmeter.protocol.mongodb.config.MongoSourceElement : org.apache.jmeter.protocol.mongodb.config.MongoSourceElement
---- Debugging information ----
message             : org.apache.jmeter.protocol.mongodb.config.MongoSourceElement
cause-exception     : com.thoughtworks.xstream.mapper.CannotResolveClassException
cause-message       : org.apache.jmeter.protocol.mongodb.config.MongoSourceElement
class               : org.apache.jorphan.collections.ListedHashTree
required-type       : org.apache.jorphan.collections.ListedHashTree
converter-type      : org.apache.jmeter.save.converters.HashTreeConverter
path                : /jmeterTestPlan/hashTree/hashTree/MongoSourceElement
line number         : 25
-------------------------------
message             : org.apache.jmeter.protocol.mongodb.config.MongoSourceElement : org.apache.jmeter.protocol.mongodb.config.MongoSourceElement
---- Debugging information ----
message             : org.apache.jmeter.protocol.mongodb.config.MongoSourceElement
cause-exception     : com.thoughtworks.xstream.mapper.CannotResolveClassException
cause-message       : org.apache.jmeter.protocol.mongodb.config.MongoSourceElement
class               : org.apache.jorphan.collections.ListedHashTree
required-type       : org.apache.jorphan.collections.ListedHashTree
converter-type      : org.apache.jmeter.save.converters.HashTreeConverter
path                : /jmeterTestPlan/hashTree/hashTree/MongoSourceElement
line number         : 25
-------------------------------
cause-exception     : com.thoughtworks.xstream.converters.ConversionException
cause-message       : org.apache.jmeter.protocol.mongodb.config.MongoSourceElement : org.apache.jmeter.protocol.mongodb.config.MongoSourceElement
first-jmeter-class  : org.apache.jmeter.save.converters.HashTreeConverter.unmarshal(HashTreeConverter.java:67)
class               : org.apache.jmeter.save.ScriptWrapper
required-type       : org.apache.jorphan.collections.ListedHashTree
converter-type      : org.apache.jmeter.save.ScriptWrapperConverter
path                : /jmeterTestPlan/hashTree/hashTree/MongoSourceElement
line number         : 25
version             : 2.13 r1665067
-------------------------------
	at org.apache.jmeter.save.ScriptWrapperConverter.createConversionException(ScriptWrapperConverter.java:105)
	at org.apache.jmeter.save.ScriptWrapperConverter.unmarshal(ScriptWrapperConverter.java:99)
	at com.thoughtworks.xstream.core.TreeUnmarshaller.convert(TreeUnmarshaller.java:72)
	at com.thoughtworks.xstream.core.AbstractReferenceUnmarshaller.convert(AbstractReferenceUnmarshaller.java:65)
	at com.thoughtworks.xstream.core.TreeUnmarshaller.convertAnother(TreeUnmarshaller.java:66)
	at com.thoughtworks.xstream.core.TreeUnmarshaller.convertAnother(TreeUnmarshaller.java:50)
	at com.thoughtworks.xstream.core.TreeUnmarshaller.start(TreeUnmarshaller.java:134)
	at com.thoughtworks.xstream.core.AbstractTreeMarshallingStrategy.unmarshal(AbstractTreeMarshallingStrategy.java:32)
	at com.thoughtworks.xstream.XStream.unmarshal(XStream.java:1206)
	at com.thoughtworks.xstream.XStream.unmarshal(XStream.java:1190)
	at com.thoughtworks.xstream.XStream.fromXML(XStream.java:1061)
	at org.apache.jmeter.save.SaveService.readTree(SaveService.java:559)
	... 9 more
Caused by: com.thoughtworks.xstream.converters.ConversionException: org.apache.jmeter.protocol.mongodb.config.MongoSourceElement : org.apache.jmeter.protocol.mongodb.config.MongoSourceElement
---- Debugging information ----
message             : org.apache.jmeter.protocol.mongodb.config.MongoSourceElement
cause-exception     : com.thoughtworks.xstream.mapper.CannotResolveClassException
cause-message       : org.apache.jmeter.protocol.mongodb.config.MongoSourceElement
class               : org.apache.jorphan.collections.ListedHashTree
required-type       : org.apache.jorphan.collections.ListedHashTree
converter-type      : org.apache.jmeter.save.converters.HashTreeConverter
path                : /jmeterTestPlan/hashTree/hashTree/MongoSourceElement
line number         : 25
-------------------------------
	at com.thoughtworks.xstream.core.TreeUnmarshaller.convert(TreeUnmarshaller.java:79)
	at com.thoughtworks.xstream.core.AbstractReferenceUnmarshaller.convert(AbstractReferenceUnmarshaller.java:65)
	at com.thoughtworks.xstream.core.TreeUnmarshaller.convertAnother(TreeUnmarshaller.java:66)
	at com.thoughtworks.xstream.core.TreeUnmarshaller.convertAnother(TreeUnmarshaller.java:50)
	at com.thoughtworks.xstream.converters.collections.AbstractCollectionConverter.readItem(AbstractCollectionConverter.java:71)
	at org.apache.jmeter.save.converters.HashTreeConverter.unmarshal(HashTreeConverter.java:67)
	at com.thoughtworks.xstream.core.TreeUnmarshaller.convert(TreeUnmarshaller.java:72)
	at com.thoughtworks.xstream.core.AbstractReferenceUnmarshaller.convert(AbstractReferenceUnmarshaller.java:65)
	at com.thoughtworks.xstream.core.TreeUnmarshaller.convertAnother(TreeUnmarshaller.java:66)
	at com.thoughtworks.xstream.core.TreeUnmarshaller.convertAnother(TreeUnmarshaller.java:50)
	at org.apache.jmeter.save.ScriptWrapperConverter.unmarshal(ScriptWrapperConverter.java:95)
	... 19 more
Caused by: com.thoughtworks.xstream.mapper.CannotResolveClassException: org.apache.jmeter.protocol.mongodb.config.MongoSourceElement
	at com.thoughtworks.xstream.mapper.DefaultMapper.realClass(DefaultMapper.java:79)
	at com.thoughtworks.xstream.mapper.MapperWrapper.realClass(MapperWrapper.java:30)
	at com.thoughtworks.xstream.mapper.DynamicProxyMapper.realClass(DynamicProxyMapper.java:55)
	at com.thoughtworks.xstream.mapper.MapperWrapper.realClass(MapperWrapper.java:30)
	at com.thoughtworks.xstream.mapper.PackageAliasingMapper.realClass(PackageAliasingMapper.java:88)
	at com.thoughtworks.xstream.mapper.MapperWrapper.realClass(MapperWrapper.java:30)
	at com.thoughtworks.xstream.mapper.ClassAliasingMapper.realClass(ClassAliasingMapper.java:79)
	at com.thoughtworks.xstream.mapper.MapperWrapper.realClass(MapperWrapper.java:30)
	at com.thoughtworks.xstream.mapper.MapperWrapper.realClass(MapperWrapper.java:30)
	at com.thoughtworks.xstream.mapper.MapperWrapper.realClass(MapperWrapper.java:30)
	at com.thoughtworks.xstream.mapper.MapperWrapper.realClass(MapperWrapper.java:30)
	at com.thoughtworks.xstream.mapper.MapperWrapper.realClass(MapperWrapper.java:30)
	at com.thoughtworks.xstream.mapper.MapperWrapper.realClass(MapperWrapper.java:30)
	at com.thoughtworks.xstream.mapper.ArrayMapper.realClass(ArrayMapper.java:74)
	at com.thoughtworks.xstream.mapper.MapperWrapper.realClass(MapperWrapper.java:30)
	at com.thoughtworks.xstream.mapper.MapperWrapper.realClass(MapperWrapper.java:30)
	at com.thoughtworks.xstream.mapper.MapperWrapper.realClass(MapperWrapper.java:30)
	at com.thoughtworks.xstream.mapper.MapperWrapper.realClass(MapperWrapper.java:30)
	at com.thoughtworks.xstream.mapper.MapperWrapper.realClass(MapperWrapper.java:30)
	at com.thoughtworks.xstream.mapper.MapperWrapper.realClass(MapperWrapper.java:30)
	at com.thoughtworks.xstream.mapper.SecurityMapper.realClass(SecurityMapper.java:71)
	at com.thoughtworks.xstream.mapper.MapperWrapper.realClass(MapperWrapper.java:30)
	at com.thoughtworks.xstream.mapper.MapperWrapper.realClass(MapperWrapper.java:30)
	at org.apache.jmeter.save.SaveService$XStreamWrapper$1.realClass(SaveService.java:94)
	at com.thoughtworks.xstream.mapper.MapperWrapper.realClass(MapperWrapper.java:30)
	at com.thoughtworks.xstream.mapper.CachingMapper.realClass(CachingMapper.java:47)
	at com.thoughtworks.xstream.core.util.HierarchicalStreams.readClassType(HierarchicalStreams.java:29)
	at com.thoughtworks.xstream.converters.collections.AbstractCollectionConverter.readItem(AbstractCollectionConverter.java:70)
	at org.apache.jmeter.save.converters.HashTreeConverter.unmarshal(HashTreeConverter.java:67)
	at com.thoughtworks.xstream.core.TreeUnmarshaller.convert(TreeUnmarshaller.java:72)
	... 29 more

